<?xml version="1.0" encoding="UTF-8"?>
<!-- Generated by org.testng.reporters.JUnitReportReporter -->
<testsuite hostname="VIGNESH-DESKTOP-M7BTJCA" failures="0" tests="1" name="test.Test" time="1.774" errors="0" timestamp="2024-02-23T16:00:46 IST" skipped="0">
  <testcase classname="test.Test" name="TC001" time="1.774"/>
</testsuite> <!-- test.Test -->
